<?xml version="1.0" encoding="UTF-8"?>
<!-- Generated by org.testng.reporters.JUnitReportReporter -->
<testsuite skipped="0" hostname="DESKTOP-8AVMNBI" name="com.durgasoft.homepage.TC001_HMS_Login_Logout" tests="1" failures="0" timestamp="2021-01-23T11:17:07 IST" time="27.781" errors="0">
  <testcase name="hmsLoginLogout" time="27.781" classname="com.durgasoft.homepage.TC001_HMS_Login_Logout"/>
  <system-out/>
</testsuite> <!-- com.durgasoft.homepage.TC001_HMS_Login_Logout -->
